# JRE version: Java(TM) SE Runtime Environment (8.0_45-b15) (build 1.8.0_45-b15)
# Java VM: Java HotSpot(TM) 64-Bit Server VM (25.45-b02 mixed mode windows-amd64 compressed oops)
Heap:
 PSYoungGen      total 17920K, used 5389K [0x00000000ec400000, 0x00000000ed800000, 0x0000000100000000)
  eden space 15360K, 22% used [0x00000000ec400000,0x00000000ec76a758,0x00000000ed300000)
  from space 2560K, 73% used [0x00000000ed580000,0x00000000ed759080,0x00000000ed800000)
  to   space 2560K, 0% used [0x00000000ed300000,0x00000000ed300000,0x00000000ed580000)
 ParOldGen       total 40960K, used 1751K [0x00000000c4c00000, 0x00000000c7400000, 0x00000000ec400000)
  object space 40960K, 4% used [0x00000000c4c00000,0x00000000c4db5ec0,0x00000000c7400000)
 Metaspace       used 8481K, capacity 8693K, committed 8832K, reserved 1056768K
  class space    used 790K, capacity 861K, committed 896K, reserved 1048576K
GC Heap History (4 events):
Event: 2.744 GC heap before
{Heap before GC invocations=1 (full 0):
 PSYoungGen      total 17920K, used 15122K [0x00000000ec400000, 0x00000000ed800000, 0x0000000100000000)
  eden space 15360K, 98% used [0x00000000ec400000,0x00000000ed2c4a00,0x00000000ed300000)
  from space 2560K, 0% used [0x00000000ed580000,0x00000000ed580000,0x00000000ed800000)
  to   space 2560K, 0% used [0x00000000ed300000,0x00000000ed300000,0x00000000ed580000)
 ParOldGen       total 40960K, used 0K [0x00000000c4c00000, 0x00000000c7400000, 0x00000000ec400000)
  object space 40960K, 0% used [0x00000000c4c00000,0x00000000c4c00000,0x00000000c7400000)
 Metaspace       used 7944K, capacity 8149K, committed 8320K, reserved 1056768K
  class space    used 764K, capacity 829K, committed 896K, reserved 1048576K
Event: 2.761 GC heap after
Heap after GC invocations=1 (full 0):
 PSYoungGen      total 17920K, used 2545K [0x00000000ec400000, 0x00000000ed800000, 0x0000000100000000)
  eden space 15360K, 0% used [0x00000000ec400000,0x00000000ec400000,0x00000000ed300000)
  from space 2560K, 99% used [0x00000000ed300000,0x00000000ed57c7e8,0x00000000ed580000)
  to   space 2560K, 0% used [0x00000000ed580000,0x00000000ed580000,0x00000000ed800000)
 ParOldGen       total 40960K, used 1743K [0x00000000c4c00000, 0x00000000c7400000, 0x00000000ec400000)
  object space 40960K, 4% used [0x00000000c4c00000,0x00000000c4db3ec0,0x00000000c7400000)
 Metaspace       used 7944K, capacity 8149K, committed 8320K, reserved 1056768K
  class space    used 764K, capacity 829K, committed 896K, reserved 1048576K
}
Event: 39.667 GC heap before
{Heap before GC invocations=2 (full 0):
 PSYoungGen      total 17920K, used 17905K [0x00000000ec400000, 0x00000000ed800000, 0x0000000100000000)
  eden space 15360K, 100% used [0x00000000ec400000,0x00000000ed300000,0x00000000ed300000)
  from space 2560K, 99% used [0x00000000ed300000,0x00000000ed57c7e8,0x00000000ed580000)
  to   space 2560K, 0% used [0x00000000ed580000,0x00000000ed580000,0x00000000ed800000)
 ParOldGen       total 40960K, used 1743K [0x00000000c4c00000, 0x00000000c7400000, 0x00000000ec400000)
  object space 40960K, 4% used [0x00000000c4c00000,0x00000000c4db3ec0,0x00000000c7400000)
 Metaspace       used 8481K, capacity 8693K, committed 8832K, reserved 1056768K
  class space    used 790K, capacity 861K, committed 896K, reserved 1048576K
Event: 39.670 GC heap after
Heap after GC invocations=2 (full 0):
 PSYoungGen      total 17920K, used 1892K [0x00000000ec400000, 0x00000000ed800000, 0x0000000100000000)
  eden space 15360K, 0% used [0x00000000ec400000,0x00000000ec400000,0x00000000ed300000)
  from space 2560K, 73% used [0x00000000ed580000,0x00000000ed759080,0x00000000ed800000)
  to   space 2560K, 0% used [0x00000000ed300000,0x00000000ed300000,0x00000000ed580000)
 ParOldGen       total 40960K, used 1751K [0x00000000c4c00000, 0x00000000c7400000, 0x00000000ec400000)
  object space 40960K, 4% used [0x00000000c4c00000,0x00000000c4db5ec0,0x00000000c7400000)
 Metaspace       used 8481K, capacity 8693K, committed 8832K, reserved 1056768K
  class space    used 790K, capacity 861K, committed 896K, reserved 1048576K
}

