# JRE version: Java(TM) SE Runtime Environment (8.0_92-b14) (build 1.8.0_92-b14)
# Java VM: Java HotSpot(TM) 64-Bit Server VM (25.92-b14 mixed mode windows-amd64 compressed oops)
Heap:
 PSYoungGen      total 34304K, used 16505K [0x00000000ec400000, 0x00000000eef00000, 0x0000000100000000)
  eden space 29184K, 39% used [0x00000000ec400000,0x00000000ecf21128,0x00000000ee080000)
  from space 5120K, 99% used [0x00000000ee700000,0x00000000eebfd620,0x00000000eec00000)
  to   space 6656K, 0% used [0x00000000ee080000,0x00000000ee080000,0x00000000ee700000)
 ParOldGen       total 40960K, used 5170K [0x00000000c4c00000, 0x00000000c7400000, 0x00000000ec400000)
  object space 40960K, 12% used [0x00000000c4c00000,0x00000000c510ca30,0x00000000c7400000)
 Metaspace       used 16110K, capacity 16421K, committed 16640K, reserved 1064960K
  class space    used 1674K, capacity 1761K, committed 1792K, reserved 1048576K
GC Heap History (10 events):
Event: 9.844 GC heap before
{Heap before GC invocations=2 (full 0):
 PSYoungGen      total 17920K, used 17919K [0x00000000ec400000, 0x00000000ed800000, 0x0000000100000000)
  eden space 15360K, 100% used [0x00000000ec400000,0x00000000ed300000,0x00000000ed300000)
  from space 2560K, 99% used [0x00000000ed300000,0x00000000ed57ff40,0x00000000ed580000)
  to   space 2560K, 0% used [0x00000000ed580000,0x00000000ed580000,0x00000000ed800000)
 ParOldGen       total 40960K, used 512K [0x00000000c4c00000, 0x00000000c7400000, 0x00000000ec400000)
  object space 40960K, 1% used [0x00000000c4c00000,0x00000000c4c80308,0x00000000c7400000)
 Metaspace       used 8750K, capacity 8923K, committed 9216K, reserved 1056768K
  class space    used 925K, capacity 986K, committed 1024K, reserved 1048576K
Event: 9.849 GC heap after
Heap after GC invocations=2 (full 0):
 PSYoungGen      total 17920K, used 2544K [0x00000000ec400000, 0x00000000ed800000, 0x0000000100000000)
  eden space 15360K, 0% used [0x00000000ec400000,0x00000000ec400000,0x00000000ed300000)
  from space 2560K, 99% used [0x00000000ed580000,0x00000000ed7fc110,0x00000000ed800000)
  to   space 2560K, 0% used [0x00000000ed300000,0x00000000ed300000,0x00000000ed580000)
 ParOldGen       total 40960K, used 1660K [0x00000000c4c00000, 0x00000000c7400000, 0x00000000ec400000)
  object space 40960K, 4% used [0x00000000c4c00000,0x00000000c4d9f3c0,0x00000000c7400000)
 Metaspace       used 8750K, capacity 8923K, committed 9216K, reserved 1056768K
  class space    used 925K, capacity 986K, committed 1024K, reserved 1048576K
}
Event: 10.570 GC heap before
{Heap before GC invocations=3 (full 0):
 PSYoungGen      total 17920K, used 17904K [0x00000000ec400000, 0x00000000ed800000, 0x0000000100000000)
  eden space 15360K, 100% used [0x00000000ec400000,0x00000000ed300000,0x00000000ed300000)
  from space 2560K, 99% used [0x00000000ed580000,0x00000000ed7fc110,0x00000000ed800000)
  to   space 2560K, 0% used [0x00000000ed300000,0x00000000ed300000,0x00000000ed580000)
 ParOldGen       total 40960K, used 1660K [0x00000000c4c00000, 0x00000000c7400000, 0x00000000ec400000)
  object space 40960K, 4% used [0x00000000c4c00000,0x00000000c4d9f3c0,0x00000000c7400000)
 Metaspace       used 8755K, capacity 8923K, committed 9216K, reserved 1056768K
  class space    used 925K, capacity 986K, committed 1024K, reserved 1048576K
Event: 10.573 GC heap after
Heap after GC invocations=3 (full 0):
 PSYoungGen      total 17920K, used 2528K [0x00000000ec400000, 0x00000000ed800000, 0x0000000100000000)
  eden space 15360K, 0% used [0x00000000ec400000,0x00000000ec400000,0x00000000ed300000)
  from space 2560K, 98% used [0x00000000ed300000,0x00000000ed578100,0x00000000ed580000)
  to   space 2560K, 0% used [0x00000000ed580000,0x00000000ed580000,0x00000000ed800000)
 ParOldGen       total 40960K, used 1700K [0x00000000c4c00000, 0x00000000c7400000, 0x00000000ec400000)
  object space 40960K, 4% used [0x00000000c4c00000,0x00000000c4da93c0,0x00000000c7400000)
 Metaspace       used 8755K, capacity 8923K, committed 9216K, reserved 1056768K
  class space    used 925K, capacity 986K, committed 1024K, reserved 1048576K
}
Event: 10.668 GC heap before
{Heap before GC invocations=4 (full 0):
 PSYoungGen      total 17920K, used 17888K [0x00000000ec400000, 0x00000000ed800000, 0x0000000100000000)
  eden space 15360K, 100% used [0x00000000ec400000,0x00000000ed300000,0x00000000ed300000)
  from space 2560K, 98% used [0x00000000ed300000,0x00000000ed578100,0x00000000ed580000)
  to   space 2560K, 0% used [0x00000000ed580000,0x00000000ed580000,0x00000000ed800000)
 ParOldGen       total 40960K, used 1700K [0x00000000c4c00000, 0x00000000c7400000, 0x00000000ec400000)
  object space 40960K, 4% used [0x00000000c4c00000,0x00000000c4da93c0,0x00000000c7400000)
 Metaspace       used 8755K, capacity 8923K, committed 9216K, reserved 1056768K
  class space    used 925K, capacity 986K, committed 1024K, reserved 1048576K
Event: 10.675 GC heap after
Heap after GC invocations=4 (full 0):
 PSYoungGen      total 17920K, used 2544K [0x00000000ec400000, 0x00000000ee700000, 0x0000000100000000)
  eden space 15360K, 0% used [0x00000000ec400000,0x00000000ec400000,0x00000000ed300000)
  from space 2560K, 99% used [0x00000000ed580000,0x00000000ed7fc0d0,0x00000000ed800000)
  to   space 2560K, 0% used [0x00000000ed300000,0x00000000ed300000,0x00000000ed580000)
 ParOldGen       total 40960K, used 1732K [0x00000000c4c00000, 0x00000000c7400000, 0x00000000ec400000)
  object space 40960K, 4% used [0x00000000c4c00000,0x00000000c4db13d0,0x00000000c7400000)
 Metaspace       used 8755K, capacity 8923K, committed 9216K, reserved 1056768K
  class space    used 925K, capacity 986K, committed 1024K, reserved 1048576K
}
Event: 85.054 GC heap before
{Heap before GC invocations=5 (full 0):
 PSYoungGen      total 17920K, used 17904K [0x00000000ec400000, 0x00000000ee700000, 0x0000000100000000)
  eden space 15360K, 100% used [0x00000000ec400000,0x00000000ed300000,0x00000000ed300000)
  from space 2560K, 99% used [0x00000000ed580000,0x00000000ed7fc0d0,0x00000000ed800000)
  to   space 2560K, 0% used [0x00000000ed300000,0x00000000ed300000,0x00000000ed580000)
 ParOldGen       total 40960K, used 1732K [0x00000000c4c00000, 0x00000000c7400000, 0x00000000ec400000)
  object space 40960K, 4% used [0x00000000c4c00000,0x00000000c4db13d0,0x00000000c7400000)
 Metaspace       used 13278K, capacity 13595K, committed 13824K, reserved 1060864K
  class space    used 1390K, capacity 1476K, committed 1536K, reserved 1048576K
Event: 85.060 GC heap after
Heap after GC invocations=5 (full 0):
 PSYoungGen      total 17920K, used 2530K [0x00000000ec400000, 0x00000000eec00000, 0x0000000100000000)
  eden space 15360K, 0% used [0x00000000ec400000,0x00000000ec400000,0x00000000ed300000)
  from space 2560K, 98% used [0x00000000ed300000,0x00000000ed578840,0x00000000ed580000)
  to   space 5120K, 0% used [0x00000000ee700000,0x00000000ee700000,0x00000000eec00000)
 ParOldGen       total 40960K, used 4127K [0x00000000c4c00000, 0x00000000c7400000, 0x00000000ec400000)
  object space 40960K, 10% used [0x00000000c4c00000,0x00000000c5007f20,0x00000000c7400000)
 Metaspace       used 13278K, capacity 13595K, committed 13824K, reserved 1060864K
  class space    used 1390K, capacity 1476K, committed 1536K, reserved 1048576K
}
Event: 176.706 GC heap before
{Heap before GC invocations=6 (full 0):
 PSYoungGen      total 17920K, used 17890K [0x00000000ec400000, 0x00000000eec00000, 0x0000000100000000)
  eden space 15360K, 100% used [0x00000000ec400000,0x00000000ed300000,0x00000000ed300000)
  from space 2560K, 98% used [0x00000000ed300000,0x00000000ed578840,0x00000000ed580000)
  to   space 5120K, 0% used [0x00000000ee700000,0x00000000ee700000,0x00000000eec00000)
 ParOldGen       total 40960K, used 4127K [0x00000000c4c00000, 0x00000000c7400000, 0x00000000ec400000)
  object space 40960K, 10% used [0x00000000c4c00000,0x00000000c5007f20,0x00000000c7400000)
 Metaspace       used 15763K, capacity 16069K, committed 16128K, reserved 1062912K
  class space    used 1652K, capacity 1753K, committed 1792K, reserved 1048576K
Event: 176.713 GC heap after
Heap after GC invocations=6 (full 0):
 PSYoungGen      total 34304K, used 5109K [0x00000000ec400000, 0x00000000eef00000, 0x0000000100000000)
  eden space 29184K, 0% used [0x00000000ec400000,0x00000000ec400000,0x00000000ee080000)
  from space 5120K, 99% used [0x00000000ee700000,0x00000000eebfd620,0x00000000eec00000)
  to   space 6656K, 0% used [0x00000000ee080000,0x00000000ee080000,0x00000000ee700000)
 ParOldGen       total 40960K, used 5170K [0x00000000c4c00000, 0x00000000c7400000, 0x00000000ec400000)
  object space 40960K, 12% used [0x00000000c4c00000,0x00000000c510ca30,0x00000000c7400000)
 Metaspace       used 15763K, capacity 16069K, committed 16128K, reserved 1062912K
  class space    used 1652K, capacity 1753K, committed 1792K, reserved 1048576K
}

